<?xml version="1.0" encoding="utf-8" standalone="no"?>
<test-run id="0" runstate="Runnable" testcasecount="4" result="Passed" total="4" passed="4" failed="0" inconclusive="0" skipped="0" asserts="1" engine-version="3.11.1.0" clr-version="4.0.30319.42000" start-time="2020-05-02 12:44:07Z" end-time="2020-05-02 12:44:48Z" duration="40.810047">
  <command-line><![CDATA["D:\#Dev Lab#\SOFTS\NUNIT\nunit-console\nunit3-console.exe" D:\TESTRUNNER\Testing\Testing\bin\Debug\Testing.dll --result D:\TESTRUNNER\result.xml]]></command-line>
  <test-suite type="Assembly" id="0-1005" name="Testing.dll" fullname="D:\TESTRUNNER\Testing\Testing\bin\Debug\Testing.dll" runstate="Runnable" testcasecount="4" result="Passed" start-time="2020-05-02 12:44:09Z" end-time="2020-05-02 12:44:48Z" duration="38.863129" total="4" passed="4" failed="0" warnings="0" inconclusive="0" skipped="0" asserts="1">
    <environment framework-version="3.12.0.0" clr-version="4.0.30319.42000" os-version="Microsoft Windows NT 10.0.18363.0" platform="Win32NT" cwd="D:\DEVOPS_test-branches-BasicPipeline\DEVOPS_test-branches-BasicPipeline\Tools\TestRunner\Output" machine-name="LAPTOP-AFBU0GP0" user="VISHAL GR" user-domain="LAPTOP-AFBU0GP0" culture="en-IN" uiculture="en-US" os-architecture="x64" />
    <settings>
      <setting name="DisposeRunners" value="True" />
      <setting name="WorkDirectory" value="D:\DEVOPS_test-branches-BasicPipeline\DEVOPS_test-branches-BasicPipeline\Tools\TestRunner\Output" />
      <setting name="ImageRuntimeVersion" value="4.0.30319" />
      <setting name="ImageTargetFrameworkName" value=".NETFramework,Version=v4.6.1" />
      <setting name="ImageRequiresX86" value="False" />
      <setting name="ImageRequiresDefaultAppDomainAssemblyResolver" value="False" />
      <setting name="RuntimeFramework" value="net-4.0" />
      <setting name="NumberOfTestWorkers" value="8" />
    </settings>
    <properties>
      <property name="_PID" value="20752" />
      <property name="_APPDOMAIN" value="domain-" />
    </properties>
    <test-suite type="TestSuite" id="0-1006" name="Testing" fullname="Testing" runstate="Runnable" testcasecount="4" result="Passed" start-time="2020-05-02 12:44:09Z" end-time="2020-05-02 12:44:48Z" duration="38.844129" total="4" passed="4" failed="0" warnings="0" inconclusive="0" skipped="0" asserts="1">
      <test-suite type="TestFixture" id="0-1000" name="Test" fullname="Testing.Test" classname="Testing.Test" runstate="Runnable" testcasecount="4" result="Passed" start-time="2020-05-02 12:44:09Z" end-time="2020-05-02 12:44:48Z" duration="38.835945" total="4" passed="4" failed="0" warnings="0" inconclusive="0" skipped="0" asserts="1">
        <test-case id="0-1003" name="spacebuttoncredentials" fullname="Testing.Test.spacebuttoncredentials" methodname="spacebuttoncredentials" classname="Testing.Test" runstate="Runnable" seed="1865778993" result="Passed" start-time="2020-05-02 12:44:09Z" end-time="2020-05-02 12:44:21Z" duration="12.121266" asserts="0">
          <output><![CDATA[Userid or password could not be Empty.
Browser window is closed
]]></output>
        </test-case>
        <test-case id="0-1001" name="TestLogin" fullname="Testing.Test.TestLogin" methodname="TestLogin" classname="Testing.Test" runstate="Runnable" seed="180795943" result="Passed" start-time="2020-05-02 12:44:21Z" end-time="2020-05-02 12:44:29Z" duration="8.275413" asserts="0">
          <output><![CDATA[successfull login
Browser window is closed
]]></output>
        </test-case>
        <test-case id="0-1002" name="wrongcredentials" fullname="Testing.Test.wrongcredentials" methodname="wrongcredentials" classname="Testing.Test" runstate="Runnable" seed="114752872" result="Passed" start-time="2020-05-02 12:44:29Z" end-time="2020-05-02 12:44:38Z" duration="9.167309" asserts="0">
          <output><![CDATA[wrong credentials
Browser window is closed
]]></output>
        </test-case>
        <test-case id="0-1004" name="wrongcredentialsautomatic" fullname="Testing.Test.wrongcredentialsautomatic" methodname="wrongcredentialsautomatic" classname="Testing.Test" runstate="Runnable" seed="453578202" result="Passed" start-time="2020-05-02 12:44:38Z" end-time="2020-05-02 12:44:48Z" duration="9.238833" asserts="1">
          <output><![CDATA[wrong credentials
Browser window is closed
]]></output>
        </test-case>
      </test-suite>
    </test-suite>
  </test-suite>
</test-run>